<?xml version="1.0" encoding="UTF-8"?>
<!-- Generated by org.testng.reporters.JUnitReportReporter -->
<testsuite hostname="HCM-AP-HONG" failures="0" tests="1" name="hongpn.testcases.SiginTest" time="28.163" errors="0" timestamp="2023-07-12T14:33:11 ICT" skipped="0">
  <testcase classname="hongpn.testcases.SiginTest" name="ABC" time="28.163"/>
  <system-out/>
</testsuite> <!-- hongpn.testcases.SiginTest -->
