<?xml version="1.0" encoding="UTF-8"?>
<!-- Generated by org.testng.reporters.JUnitReportReporter -->
<testsuite hostname="HCM-AP-HONG" failures="0" tests="1" name="TestCases" time="0.006" errors="0" timestamp="2023-07-11T14:05:10 ICT" skipped="0">
  <testcase classname="TestCases" name="test1" time="0.006"/>
  <system-out/>
</testsuite> <!-- TestCases -->
